<?xml version="1.0" encoding="UTF-8"?>
<!-- Generated by org.testng.reporters.JUnitReportReporter -->
<testsuite skipped="0" hostname="EVT02099NB" name="org.springframework.samples.petclinic.seleniumwebdriver.FindOwnerTest" tests="1" failures="0" timestamp="09 Kas 2021 11:17:11 GMT" time="5.680" errors="0">
  <testcase name="test" time="5.680" classname="org.springframework.samples.petclinic.seleniumwebdriver.FindOwnerTest"/>
</testsuite> <!-- org.springframework.samples.petclinic.seleniumwebdriver.FindOwnerTest -->
