<?xml version="1.0" encoding="UTF-8"?>
<!-- Generated by org.testng.reporters.JUnitReportReporter -->
<testsuite skipped="0" hostname="EVT02099NB" name="org.springframework.samples.petclinic.cucumber.runnerTest" tests="1" failures="0" timestamp="10 Kas 2021 08:25:20 GMT" time="4.001" errors="0">
  <testcase name="runScenario" time="4.001" classname="org.springframework.samples.petclinic.cucumber.runnerTest"/>
</testsuite> <!-- org.springframework.samples.petclinic.cucumber.runnerTest -->
